INFO: Running with entropic power schedule (0xFF, 100).
INFO: Seed: 3487543015
INFO: Loaded 1 modules   (552 inline 8-bit counters): 552 [0x5635c962e370, 0x5635c962e598), 
INFO: Loaded 1 PC tables (552 PCs): 552 [0x5635c962e598,0x5635c9630818), 
MERGE-OUTER: 47 files, 0 in the initial corpus, 0 processed earlier
MERGE-OUTER: attempt 1
INFO: Running with entropic power schedule (0xFF, 100).
INFO: Seed: 3487549452
INFO: Loaded 1 modules   (552 inline 8-bit counters): 552 [0x5636893d5370, 0x5636893d5598), 
INFO: Loaded 1 PC tables (552 PCs): 552 [0x5636893d5598,0x5636893d7818), 
INFO: -max_len is not provided; libFuzzer will not generate inputs larger than 1048576 bytes
MERGE-INNER: using the control file '/tmp/libFuzzerTemp.Merge80.txt'
MERGE-INNER: 47 total files; 0 processed earlier; will process 47 files now
#1	pulse  cov: 144 ft: 145 exec/s: 0 rss: 28Mb
#2	pulse  cov: 145 ft: 213 exec/s: 0 rss: 28Mb
#4	pulse  cov: 154 ft: 233 exec/s: 0 rss: 28Mb
#8	pulse  cov: 158 ft: 258 exec/s: 0 rss: 28Mb
#16	pulse  cov: 167 ft: 279 exec/s: 0 rss: 28Mb
#32	pulse  cov: 189 ft: 331 exec/s: 0 rss: 28Mb
#47	DONE   cov: 190 ft: 352 exec/s: 0 rss: 28Mb
MERGE-OUTER: successful in 1 attempt(s)
MERGE-OUTER: the control file has 7560 bytes
MERGE-OUTER: consumed 0Mb (29Mb rss) to parse the control file
MERGE-OUTER: 31 new files with 352 new features added; 190 new coverage edges
